Welcome To Use KWRunner V1.1.0! Powered by Kengwang (github@kengwang)
Checking For User Exist
Checking if BDS Opened
Checking if first start
Copying Plugin DLL
Configuring Server Properties
Try to Start SERVER
Using Original Hooker
Init KWPlugin V1.0.1 (branch Master)
Path: E:\Servers\server7\File Dedicated.txt is Pair is js\*.js
aaaaNickname.js
璇诲彇JS鏂囦欢锛?\js\aaaaNickname.jsEconBase.js
璇诲彇JS鏂囦欢锛?\js\EconBase.jsEconmicAPI.js
璇诲彇JS鏂囦欢锛?\js\EconmicAPI.jsMBan.js
璇诲彇JS鏂囦欢锛?\js\MBan.jsMMenu.js
璇诲彇JS鏂囦欢锛?\js\MMenu.jsMProclametion.js
璇诲彇JS鏂囦欢锛?\js\MProclametion.jsMSign.js
璇诲彇JS鏂囦欢锛?\js\MSign.jsMWarp.js
璇诲彇JS鏂囦欢锛?\js\MWarp.jsTpa-UI.js
璇诲彇JS鏂囦欢锛?\js\Tpa-UI.jsXUuid.js
NO LOG FILE! - setting up server logging...
[2020-04-04 10:43:39 INFO] Starting Server
[2020-04-04 10:43:39 INFO] Version 1.14.32.1
[2020-04-04 10:43:39 INFO] Session ID eacb3bf0-d376-4f15-b69d-2b424c7af663
[2020-04-04 10:43:39 INFO] Level Name: world
[2020-04-04 10:43:39 ERROR] Error opening whitelist file: whitelist.json
[2020-04-04 10:43:39 INFO] Game mode: 0 Survival
[2020-04-04 10:43:39 INFO] Difficulty: 1 EASY
[2020-04-04 10:43:40 INFO] opening worlds/world/db
[2020-04-04 10:43:42 INFO] IPv4 supported, port: 10069
[2020-04-04 10:43:42 INFO] IPv6 supported, port: 10070
[2020-04-04 10:43:42 INFO] IPv4 supported, port: 19132
[2020-04-04 10:43:42 INFO] IPv6 supported, port: 19133
[2020-04-04 10:43:43 INFO] Server started.
Send stop Again to force stop
Unknown command: save-all. Please check that the command exists and that you have permission to use it.
Quit correctly
璇诲彇JS鏂囦欢锛?\js\XUuid.js
BDS Exit with code 0
